sinch-rtc-sample-push/build/outputs/logs/manifest-merger-debug-report.txt
-- Merging decision tree log ---
manifest
ADDED from samples\sinch-rtc-sample-push\AndroidManifest.xml:2:1-47:12
INJECTED from samples\sinch-rtc-sample-push\AndroidManifest.xml:2:1-47:12
INJECTED from samples\sinch-rtc-sample-push\AndroidManifest.xml:2:1-47:12
INJECTED from samples\sinch-rtc-sample-push\AndroidManifest.xml:2:1-47:12
MERGED from [:sinch-android-rtc:3.17.4] AndroidManifest.xml:2:1-17:12
MERGED from [androidx.appcompat:appcompat:1.1.0] AndroidManifest.xml:17:1-24:12
MERGED from [com.google.firebase:firebase-messaging:20.1.5] AndroidManifest.xml:17:1-44:12
MERGED from [com.google.firebase:firebase-iid:20.1.5] AndroidManifest.xml:17:1-47:12
MERGED from [com.google.android.gms:play-services-stats:17.0.0] AndroidManifest.xml:2:1-9:12
MERGED from [com.google.firebase:firebase-datatransport:17.0.3] AndroidManifest.xml:15:1-34:12
MERGED from [com.google.firebase:firebase-installations:16.2.1] AndroidManifest.xml:2:1-23:12
MERGED from [com.google.firebase:firebase-common:19.3.0] AndroidManifest.xml:15:1-39:12
MERGED from [com.google.firebase:firebase-installations-interop:16.0.0] AndroidManifest.xml:15:1-23:12
MERGED from [com.google.firebase:firebase-iid-interop:17.0.0] AndroidManifest.xml:2:1-10:12
MERGED from [com.google.android.gms:play-services-base:17.0.0] AndroidManifest.xml:17:1-29:12
MERGED from [com.google.android.gms:play-services-tasks:17.0.0] AndroidManifest.xml:2:1-9:12
MERGED from [com.google.firebase:firebase-measurement-connector:18.0.0] AndroidManifest.xml:17:1-25:12
MERGED from [com.google.android.gms:play-services-basement:17.0.0] AndroidManifest.xml:17:1-28:12
MERGED from [androidx.fragment:fragment:1.1.0] AndroidManifest.xml:17:1-24:12
MERGED from [androidx.appcompat:appcompat-resources:1.1.0] AndroidManifest.xml:17:1-24:12
MERGED from [androidx.drawerlayout:drawerlayout:1.0.0] AndroidManifest.xml:17:1-22:12
MERGED from [androidx.viewpager:viewpager:1.0.0] AndroidManifest.xml:17:1-22:12
MERGED from [androidx.legacy:legacy-support-core-utils:1.0.0] AndroidManifest.xml:17:1-22:12
MERGED from [androidx.loader:loader:1.0.0] AndroidManifest.xml:17:1-22:12
MERGED from [androidx.activity:activity:1.0.0] AndroidManifest.xml:17:1-24:12
MERGED from [androidx.vectordrawable:vectordrawable-animated:1.1.0] AndroidManifest.xml:17:1-24:12
MERGED from [androidx.vectordrawable:vectordrawable:1.1.0] AndroidManifest.xml:17:1-24:12
MERGED from [androidx.customview:customview:1.0.0] AndroidManifest.xml:17:1-22:12
MERGED from [androidx.core:core:1.1.0] AndroidManifest.xml:17:1-26:12
MERGED from [androidx.cursoradapter:cursoradapter:1.0.0] AndroidManifest.xml:17:1-22:12
MERGED from [com.google.android.datatransport:transport-backend-cct:2.2.0] AndroidManifest.xml:15:1-38:12
MERGED from [com.google.android.datatransport:transport-runtime:2.2.0] AndroidManifest.xml:15:1-41:12
MERGED from [com.google.firebase:firebase-components:16.0.0] AndroidManifest.xml:15:1-23:12
MERGED from [com.google.firebase:firebase-encoders-json:16.0.0] AndroidManifest.xml:15:1-23:12
MERGED from [androidx.versionedparcelable:versionedparcelable:1.1.0] AndroidManifest.xml:17:1-27:12
MERGED from [androidx.lifecycle:lifecycle-runtime:2.1.0] AndroidManifest.xml:17:1-22:12
MERGED from [androidx.lifecycle:lifecycle-viewmodel:2.1.0] AndroidManifest.xml:17:1-22:12
MERGED from [androidx.savedstate:savedstate:1.0.0] AndroidManifest.xml:17:1-24:12
MERGED from [androidx.interpolator:interpolator:1.0.0] AndroidManifest.xml:17:1-22:12
MERGED from [androidx.documentfile:documentfile:1.0.0] AndroidManifest.xml:17:1-22:12
MERGED from [androidx.localbroadcastmanager:localbroadcastmanager:1.0.0] AndroidManifest.xml:17:1-22:12
MERGED from [androidx.print:print:1.0.0] AndroidManifest.xml:17:1-22:12
MERGED from [androidx.lifecycle:lifecycle-livedata:2.0.0] AndroidManifest.xml:17:1-22:12
MERGED from [androidx.lifecycle:lifecycle-livedata-core:2.0.0] AndroidManifest.xml:17:1-22:12
MERGED from [androidx.arch.core:core-runtime:2.0.0] AndroidManifest.xml:17:1-22:12
MERGED from [com.google.android.datatransport:transport-api:2.2.0] AndroidManifest.xml:15:1-22:12
INJECTED from samples\sinch-rtc-sample-push\AndroidManifest.xml:2:1-47:12
INJECTED from samples\sinch-rtc-sample-push\AndroidManifest.xml:2:1-47:12
INJECTED from samples\sinch-rtc-sample-push\AndroidManifest.xml:2:1-47:12
	package
		ADDED from samples\sinch-rtc-sample-push\AndroidManifest.xml:3:11-54
		INJECTED from samples\sinch-rtc-sample-push\AndroidManifest.xml
		INJECTED from samples\sinch-rtc-sample-push\AndroidManifest.xml
	android:versionName
		ADDED from samples\sinch-rtc-sample-push\AndroidManifest.xml:5:11-36
		INJECTED from samples\sinch-rtc-sample-push\AndroidManifest.xml
		INJECTED from samples\sinch-rtc-sample-push\AndroidManifest.xml
	xmlns:android
		ADDED from samples\sinch-rtc-sample-push\AndroidManifest.xml:2:11-69
	android:versionCode
		ADDED from samples\sinch-rtc-sample-push\AndroidManifest.xml:4:11-34
		INJECTED from samples\sinch-rtc-sample-push\AndroidManifest.xml
		INJECTED from samples\sinch-rtc-sample-push\AndroidManifest.xml
uses-feature#android.hardware.microphone
ADDED from samples\sinch-rtc-sample-push\AndroidManifest.xml:7:5-9:39
	android:required
		ADDED from samples\sinch-rtc-sample-push\AndroidManifest.xml:9:13-37
	android:name
		ADDED from samples\sinch-rtc-sample-push\AndroidManifest.xml:8:13-55
uses-permission#android.permission.INTERNET
ADDED from samples\sinch-rtc-sample-push\AndroidManifest.xml:11:5-66
MERGED from [com.google.firebase:firebase-iid:20.1.5] AndroidManifest.xml:23:5-67
MERGED from [com.google.firebase:firebase-iid:20.1.5] AndroidManifest.xml:23:5-67
MERGED from [com.google.firebase:firebase-installations:16.2.1] AndroidManifest.xml:11:5-67
MERGED from [com.google.firebase:firebase-installations:16.2.1] AndroidManifest.xml:11:5-67
MERGED from [com.google.android.datatransport:transport-backend-cct:2.2.0] AndroidManifest.xml:26:5-67
MERGED from [com.google.android.datatransport:transport-backend-cct:2.2.0] AndroidManifest.xml:26:5-67
	android:name
		ADDED from samples\sinch-rtc-sample-push\AndroidManifest.xml:11:22-64
uses-permission#android.permission.RECORD_AUDIO
ADDED from samples\sinch-rtc-sample-push\AndroidManifest.xml:12:5-70
	android:name
		ADDED from samples\sinch-rtc-sample-push\AndroidManifest.xml:12:22-68
uses-permission#android.permission.MODIFY_AUDIO_SETTINGS
ADDED from samples\sinch-rtc-sample-push\AndroidManifest.xml:13:5-79
	android:name
		ADDED from samples\sinch-rtc-sample-push\AndroidManifest.xml:13:22-77
uses-permission#android.permission.READ_PHONE_STATE
ADDED from samples\sinch-rtc-sample-push\AndroidManifest.xml:14:5-74
	android:name
		ADDED from samples\sinch-rtc-sample-push\AndroidManifest.xml:14:22-72
uses-permission#android.permission.ACCESS_NETWORK_STATE
ADDED from samples\sinch-rtc-sample-push\AndroidManifest.xml:15:5-78
MERGED from [com.google.firebase:firebase-iid:20.1.5] AndroidManifest.xml:22:5-79
MERGED from [com.google.firebase:firebase-iid:20.1.5] AndroidManifest.xml:22:5-79
MERGED from [com.google.firebase:firebase-installations:16.2.1] AndroidManifest.xml:10:5-79
MERGED from [com.google.firebase:firebase-installations:16.2.1] AndroidManifest.xml:10:5-79
MERGED from [com.google.android.datatransport:transport-backend-cct:2.2.0] AndroidManifest.xml:25:5-79
MERGED from [com.google.android.datatransport:transport-backend-cct:2.2.0] AndroidManifest.xml:25:5-79
MERGED from [com.google.android.datatransport:transport-runtime:2.2.0] AndroidManifest.xml:22:5-79
MERGED from [com.google.android.datatransport:transport-runtime:2.2.0] AndroidManifest.xml:22:5-79
	android:name
		ADDED from samples\sinch-rtc-sample-push\AndroidManifest.xml:15:22-76
uses-permission#com.google.android.c2dm.permission.RECEIVE
ADDED from samples\sinch-rtc-sample-push\AndroidManifest.xml:16:5-81
MERGED from [com.google.firebase:firebase-iid:20.1.5] AndroidManifest.xml:26:5-82
MERGED from [com.google.firebase:firebase-iid:20.1.5] AndroidManifest.xml:26:5-82
	android:name
		ADDED from samples\sinch-rtc-sample-push\AndroidManifest.xml:16:22-79
application
ADDED from samples\sinch-rtc-sample-push\AndroidManifest.xml:18:5-45:19
MERGED from [:sinch-android-rtc:3.17.4] AndroidManifest.xml:9:5-15:19
MERGED from [:sinch-android-rtc:3.17.4] AndroidManifest.xml:9:5-15:19
MERGED from [com.google.firebase:firebase-messaging:20.1.5] AndroidManifest.xml:22:5-42:19
MERGED from [com.google.firebase:firebase-messaging:20.1.5] AndroidManifest.xml:22:5-42:19
MERGED from [com.google.firebase:firebase-iid:20.1.5] AndroidManifest.xml:28:5-45:19
MERGED from [com.google.firebase:firebase-iid:20.1.5] AndroidManifest.xml:28:5-45:19
MERGED from [com.google.android.gms:play-services-stats:17.0.0] AndroidManifest.xml:7:5-20
MERGED from [com.google.android.gms:play-services-stats:17.0.0] AndroidManifest.xml:7:5-20
MERGED from [com.google.firebase:firebase-datatransport:17.0.3] AndroidManifest.xml:24:5-32:19
MERGED from [com.google.firebase:firebase-datatransport:17.0.3] AndroidManifest.xml:24:5-32:19
MERGED from [com.google.firebase:firebase-installations:16.2.1] AndroidManifest.xml:13:5-21:19
MERGED from [com.google.firebase:firebase-installations:16.2.1] AndroidManifest.xml:13:5-21:19
MERGED from [com.google.firebase:firebase-common:19.3.0] AndroidManifest.xml:25:5-37:19
MERGED from [com.google.firebase:firebase-common:19.3.0] AndroidManifest.xml:25:5-37:19
MERGED from [com.google.firebase:firebase-iid-interop:17.0.0] AndroidManifest.xml:7:5-8:19
MERGED from [com.google.firebase:firebase-iid-interop:17.0.0] AndroidManifest.xml:7:5-8:19
MERGED from [com.google.android.gms:play-services-base:17.0.0] AndroidManifest.xml:22:5-27:19
MERGED from [com.google.android.gms:play-services-base:17.0.0] AndroidManifest.xml:22:5-27:19
MERGED from [com.google.android.gms:play-services-tasks:17.0.0] AndroidManifest.xml:7:5-20
MERGED from [com.google.android.gms:play-services-tasks:17.0.0] AndroidManifest.xml:7:5-20
MERGED from [com.google.firebase:firebase-measurement-connector:18.0.0] AndroidManifest.xml:22:5-23:19
MERGED from [com.google.firebase:firebase-measurement-connector:18.0.0] AndroidManifest.xml:22:5-23:19
MERGED from [com.google.android.gms:play-services-basement:17.0.0] AndroidManifest.xml:22:5-26:19
MERGED from [com.google.android.gms:play-services-basement:17.0.0] AndroidManifest.xml:22:5-26:19
MERGED from [androidx.core:core:1.1.0] AndroidManifest.xml:24:5-89
MERGED from [androidx.core:core:1.1.0] AndroidManifest.xml:24:5-89
MERGED from [com.google.android.datatransport:transport-backend-cct:2.2.0] AndroidManifest.xml:28:5-36:19
MERGED from [com.google.android.datatransport:transport-backend-cct:2.2.0] AndroidManifest.xml:28:5-36:19
MERGED from [com.google.android.datatransport:transport-runtime:2.2.0] AndroidManifest.xml:25:5-39:19
MERGED from [com.google.android.datatransport:transport-runtime:2.2.0] AndroidManifest.xml:25:5-39:19
MERGED from [androidx.versionedparcelable:versionedparcelable:1.1.0] AndroidManifest.xml:24:5-25:19
MERGED from [androidx.versionedparcelable:versionedparcelable:1.1.0] AndroidManifest.xml:24:5-25:19
	android:appComponentFactory
		ADDED from [androidx.core:core:1.1.0] AndroidManifest.xml:24:18-86
	android:label
		ADDED from samples\sinch-rtc-sample-push\AndroidManifest.xml:21:13-45
	android:icon
		ADDED from samples\sinch-rtc-sample-push\AndroidManifest.xml:20:13-42
	android:allowBackup
		ADDED from samples\sinch-rtc-sample-push\AndroidManifest.xml:19:13-39
	android:theme
		ADDED from samples\sinch-rtc-sample-push\AndroidManifest.xml:22:13-44
service#com.sinch.android.rtc.sample.push.SinchService
ADDED from samples\sinch-rtc-sample-push\AndroidManifest.xml:23:9-57
	android:name
		ADDED from samples\sinch-rtc-sample-push\AndroidManifest.xml:23:18-46
service#com.sinch.android.rtc.sample.push.fcm.FcmListenerService
ADDED from samples\sinch-rtc-sample-push\AndroidManifest.xml:25:9-30:19
	android:name
		ADDED from samples\sinch-rtc-sample-push\AndroidManifest.xml:26:13-51
intent-filter#action:name:com.google.firebase.MESSAGING_EVENT
ADDED from samples\sinch-rtc-sample-push\AndroidManifest.xml:27:13-29:29
action#com.google.firebase.MESSAGING_EVENT
ADDED from samples\sinch-rtc-sample-push\AndroidManifest.xml:28:17-78
	android:name
		ADDED from samples\sinch-rtc-sample-push\AndroidManifest.xml:28:25-75
activity#com.sinch.android.rtc.sample.push.LoginActivity
ADDED from samples\sinch-rtc-sample-push\AndroidManifest.xml:32:9-40:20
	android:screenOrientation
		ADDED from samples\sinch-rtc-sample-push\AndroidManifest.xml:35:17-53
	android:label
		ADDED from samples\sinch-rtc-sample-push\AndroidManifest.xml:34:17-49
	android:name
		ADDED from samples\sinch-rtc-sample-push\AndroidManifest.xml:33:17-46
intent-filter#action:name:android.intent.action.MAIN+category:name:android.intent.category.LAUNCHER
ADDED from samples\sinch-rtc-sample-push\AndroidManifest.xml:36:13-39:29
action#android.intent.action.MAIN
ADDED from samples\sinch-rtc-sample-push\AndroidManifest.xml:37:17-68
	android:name
		ADDED from samples\sinch-rtc-sample-push\AndroidManifest.xml:37:25-66
category#android.intent.category.LAUNCHER
ADDED from samples\sinch-rtc-sample-push\AndroidManifest.xml:38:17-76
	android:name
		ADDED from samples\sinch-rtc-sample-push\AndroidManifest.xml:38:27-74
activity#com.sinch.android.rtc.sample.push.CallScreenActivity
ADDED from samples\sinch-rtc-sample-push\AndroidManifest.xml:41:9-92
	android:screenOrientation
		ADDED from samples\sinch-rtc-sample-push\AndroidManifest.xml:41:54-90
	android:name
		ADDED from samples\sinch-rtc-sample-push\AndroidManifest.xml:41:19-53
activity#com.sinch.android.rtc.sample.push.IncomingCallScreenActivity
ADDED from samples\sinch-rtc-sample-push\AndroidManifest.xml:42:9-43:82
	android:screenOrientation
		ADDED from samples\sinch-rtc-sample-push\AndroidManifest.xml:42:62-98
	android:autoRemoveFromRecents
		ADDED from samples\sinch-rtc-sample-push\AndroidManifest.xml:43:44-80
	android:noHistory
		ADDED from samples\sinch-rtc-sample-push\AndroidManifest.xml:43:19-43
	android:name
		ADDED from samples\sinch-rtc-sample-push\AndroidManifest.xml:42:19-61
activity#com.sinch.android.rtc.sample.push.PlaceCallActivity
ADDED from samples\sinch-rtc-sample-push\AndroidManifest.xml:44:9-91
	android:screenOrientation
		ADDED from samples\sinch-rtc-sample-push\AndroidManifest.xml:44:53-89
	android:name
		ADDED from samples\sinch-rtc-sample-push\AndroidManifest.xml:44:19-52
uses-sdk
INJECTED from samples\sinch-rtc-sample-push\AndroidManifest.xml reason: use-sdk injection requested
INJECTED from samples\sinch-rtc-sample-push\AndroidManifest.xml
INJECTED from samples\sinch-rtc-sample-push\AndroidManifest.xml
MERGED from [:sinch-android-rtc:3.17.4] AndroidManifest.xml:7:5-44
MERGED from [:sinch-android-rtc:3.17.4] AndroidManifest.xml:7:5-44
MERGED from [androidx.appcompat:appcompat:1.1.0] AndroidManifest.xml:20:5-22:41
MERGED from [androidx.appcompat:appcompat:1.1.0] AndroidManifest.xml:20:5-22:41
MERGED from [com.google.firebase:firebase-messaging:20.1.5] AndroidManifest.xml:20:5-44
MERGED from [com.google.firebase:firebase-messaging:20.1.5] AndroidManifest.xml:20:5-44
MERGED from [com.google.firebase:firebase-iid:20.1.5] AndroidManifest.xml:20:5-44
MERGED from [com.google.firebase:firebase-iid:20.1.5] AndroidManifest.xml:20:5-44
MERGED from [com.google.android.gms:play-services-stats:17.0.0] AndroidManifest.xml:5:5-44
MERGED from [com.google.android.gms:play-services-stats:17.0.0] AndroidManifest.xml:5:5-44
MERGED from [com.google.firebase:firebase-datatransport:17.0.3] AndroidManifest.xml:19:5-21:41
MERGED from [com.google.firebase:firebase-datatransport:17.0.3] AndroidManifest.xml:19:5-21:41
MERGED from [com.google.firebase:firebase-installations:16.2.1] AndroidManifest.xml:6:5-8:41
MERGED from [com.google.firebase:firebase-installations:16.2.1] AndroidManifest.xml:6:5-8:41
MERGED from [com.google.firebase:firebase-common:19.3.0] AndroidManifest.xml:20:5-22:41
MERGED from [com.google.firebase:firebase-common:19.3.0] AndroidManifest.xml:20:5-22:41
MERGED from [com.google.firebase:firebase-installations-interop:16.0.0] AndroidManifest.xml:19:5-21:41
MERGED from [com.google.firebase:firebase-installations-interop:16.0.0] AndroidManifest.xml:19:5-21:41
MERGED from [com.google.firebase:firebase-iid-interop:17.0.0] AndroidManifest.xml:5:5-44
MERGED from [com.google.firebase:firebase-iid-interop:17.0.0] AndroidManifest.xml:5:5-44
MERGED from [com.google.android.gms:play-services-base:17.0.0] AndroidManifest.xml:20:5-44
MERGED from [com.google.android.gms:play-services-base:17.0.0] AndroidManifest.xml:20:5-44
MERGED from [com.google.android.gms:play-services-tasks:17.0.0] AndroidManifest.xml:5:5-44
MERGED from [com.google.android.gms:play-services-tasks:17.0.0] AndroidManifest.xml:5:5-44
MERGED from [com.google.firebase:firebase-measurement-connector:18.0.0] AndroidManifest.xml:20:5-44
MERGED from [com.google.firebase:firebase-measurement-connector:18.0.0] AndroidManifest.xml:20:5-44
MERGED from [com.google.android.gms:play-services-basement:17.0.0] AndroidManifest.xml:20:5-44
MERGED from [com.google.android.gms:play-services-basement:17.0.0] AndroidManifest.xml:20:5-44
MERGED from [androidx.fragment:fragment:1.1.0] AndroidManifest.xml:20:5-22:41
MERGED from [androidx.fragment:fragment:1.1.0] AndroidManifest.xml:20:5-22:41
MERGED from [androidx.appcompat:appcompat-resources:1.1.0] AndroidManifest.xml:20:5-22:41
MERGED from [androidx.appcompat:appcompat-resources:1.1.0] AndroidManifest.xml:20:5-22:41
MERGED from [androidx.drawerlayout:drawerlayout:1.0.0] AndroidManifest.xml:20:5-44
MERGED from [androidx.drawerlayout:drawerlayout:1.0.0] AndroidManifest.xml:20:5-44
MERGED from [androidx.viewpager:viewpager:1.0.0] AndroidManifest.xml:20:5-44
MERGED from [androidx.viewpager:viewpager:1.0.0] AndroidManifest.xml:20:5-44
MERGED from [androidx.legacy:legacy-support-core-utils:1.0.0] AndroidManifest.xml:20:5-44
MERGED from [androidx.legacy:legacy-support-core-utils:1.0.0] AndroidManifest.xml:20:5-44
MERGED from [androidx.loader:loader:1.0.0] AndroidManifest.xml:20:5-44
MERGED from [androidx.loader:loader:1.0.0] AndroidManifest.xml:20:5-44
MERGED from [androidx.activity:activity:1.0.0] AndroidManifest.xml:20:5-22:41
MERGED from [androidx.activity:activity:1.0.0] AndroidManifest.xml:20:5-22:41
MERGED from [androidx.vectordrawable:vectordrawable-animated:1.1.0] AndroidManifest.xml:20:5-22:41
MERGED from [androidx.vectordrawable:vectordrawable-animated:1.1.0] AndroidManifest.xml:20:5-22:41
MERGED from [androidx.vectordrawable:vectordrawable:1.1.0] AndroidManifest.xml:20:5-22:41
MERGED from [androidx.vectordrawable:vectordrawable:1.1.0] AndroidManifest.xml:20:5-22:41
MERGED from [androidx.customview:customview:1.0.0] AndroidManifest.xml:20:5-44
MERGED from [androidx.customview:customview:1.0.0] AndroidManifest.xml:20:5-44
MERGED from [androidx.core:core:1.1.0] AndroidManifest.xml:20:5-22:41
MERGED from [androidx.core:core:1.1.0] AndroidManifest.xml:20:5-22:41
MERGED from [androidx.cursoradapter:cursoradapter:1.0.0] AndroidManifest.xml:20:5-44
MERGED from [androidx.cursoradapter:cursoradapter:1.0.0] AndroidManifest.xml:20:5-44
MERGED from [com.google.android.datatransport:transport-backend-cct:2.2.0] AndroidManifest.xml:19:5-21:41
MERGED from [com.google.android.datatransport:transport-backend-cct:2.2.0] AndroidManifest.xml:19:5-21:41
MERGED from [com.google.android.datatransport:transport-runtime:2.2.0] AndroidManifest.xml:18:5-20:41
MERGED from [com.google.android.datatransport:transport-runtime:2.2.0] AndroidManifest.xml:18:5-20:41
MERGED from [com.google.firebase:firebase-components:16.0.0] AndroidManifest.xml:19:5-21:41
MERGED from [com.google.firebase:firebase-components:16.0.0] AndroidManifest.xml:19:5-21:41
MERGED from [com.google.firebase:firebase-encoders-json:16.0.0] AndroidManifest.xml:19:5-21:41
MERGED from [com.google.firebase:firebase-encoders-json:16.0.0] AndroidManifest.xml:19:5-21:41
MERGED from [androidx.versionedparcelable:versionedparcelable:1.1.0] AndroidManifest.xml:20:5-22:41
MERGED from [androidx.versionedparcelable:versionedparcelable:1.1.0] AndroidManifest.xml:20:5-22:41
MERGED from [androidx.lifecycle:lifecycle-runtime:2.1.0] AndroidManifest.xml:20:5-44
MERGED from [androidx.lifecycle:lifecycle-runtime:2.1.0] AndroidManifest.xml:20:5-44
MERGED from [androidx.lifecycle:lifecycle-viewmodel:2.1.0] AndroidManifest.xml:20:5-44
MERGED from [androidx.lifecycle:lifecycle-viewmodel:2.1.0] AndroidManifest.xml:20:5-44
MERGED from [androidx.savedstate:savedstate:1.0.0] AndroidManifest.xml:20:5-22:41
MERGED from [androidx.savedstate:savedstate:1.0.0] AndroidManifest.xml:20:5-22:41
MERGED from [androidx.interpolator:interpolator:1.0.0] AndroidManifest.xml:20:5-44
MERGED from [androidx.interpolator:interpolator:1.0.0] AndroidManifest.xml:20:5-44
MERGED from [androidx.documentfile:documentfile:1.0.0] AndroidManifest.xml:20:5-44
MERGED from [androidx.documentfile:documentfile:1.0.0] AndroidManifest.xml:20:5-44
MERGED from [androidx.localbroadcastmanager:localbroadcastmanager:1.0.0] AndroidManifest.xml:20:5-44
MERGED from [androidx.localbroadcastmanager:localbroadcastmanager:1.0.0] AndroidManifest.xml:20:5-44
MERGED from [androidx.print:print:1.0.0] AndroidManifest.xml:20:5-44
MERGED from [androidx.print:print:1.0.0] AndroidManifest.xml:20:5-44
MERGED from [androidx.lifecycle:lifecycle-livedata:2.0.0] AndroidManifest.xml:20:5-44
MERGED from [androidx.lifecycle:lifecycle-livedata:2.0.0] AndroidManifest.xml:20:5-44
MERGED from [androidx.lifecycle:lifecycle-livedata-core:2.0.0] AndroidManifest.xml:20:5-44
MERGED from [androidx.lifecycle:lifecycle-livedata-core:2.0.0] AndroidManifest.xml:20:5-44
MERGED from [androidx.arch.core:core-runtime:2.0.0] AndroidManifest.xml:20:5-44
MERGED from [androidx.arch.core:core-runtime:2.0.0] AndroidManifest.xml:20:5-44
MERGED from [com.google.android.datatransport:transport-api:2.2.0] AndroidManifest.xml:18:5-20:41
MERGED from [com.google.android.datatransport:transport-api:2.2.0] AndroidManifest.xml:18:5-20:41
INJECTED from samples\sinch-rtc-sample-push\AndroidManifest.xml
INJECTED from samples\sinch-rtc-sample-push\AndroidManifest.xml
	android:targetSdkVersion
		INJECTED from samples\sinch-rtc-sample-push\AndroidManifest.xml
		ADDED from samples\sinch-rtc-sample-push\AndroidManifest.xml
		INJECTED from samples\sinch-rtc-sample-push\AndroidManifest.xml
	android:minSdkVersion
		INJECTED from samples\sinch-rtc-sample-push\AndroidManifest.xml
		ADDED from samples\sinch-rtc-sample-push\AndroidManifest.xml
		INJECTED from samples\sinch-rtc-sample-push\AndroidManifest.xml
service#com.sinch.android.rtc.internal.client.fcm.InstanceIDTokenService
ADDED from [:sinch-android-rtc:3.17.4] AndroidManifest.xml:10:9-14:19
	android:name
		ADDED from [:sinch-android-rtc:3.17.4] AndroidManifest.xml:10:18-97
intent-filter#action:name:com.google.firebase.INSTANCE_ID_EVENT
ADDED from [:sinch-android-rtc:3.17.4] AndroidManifest.xml:11:13-13:29
action#com.google.firebase.INSTANCE_ID_EVENT
ADDED from [:sinch-android-rtc:3.17.4] AndroidManifest.xml:12:17-80
	android:name
		ADDED from [:sinch-android-rtc:3.17.4] AndroidManifest.xml:12:25-77
service#com.google.firebase.messaging.FirebaseMessagingService
ADDED from [com.google.firebase:firebase-messaging:20.1.5] AndroidManifest.xml:28:9-34:19
	android:exported
		ADDED from [com.google.firebase:firebase-messaging:20.1.5] AndroidManifest.xml:30:13-37
	android:name
		ADDED from [com.google.firebase:firebase-messaging:20.1.5] AndroidManifest.xml:29:13-82
service#com.google.firebase.components.ComponentDiscoveryService
ADDED from [com.google.firebase:firebase-messaging:20.1.5] AndroidManifest.xml:35:9-41:19
MERGED from [com.google.firebase:firebase-iid:20.1.5] AndroidManifest.xml:29:9-35:19
MERGED from [com.google.firebase:firebase-iid:20.1.5] AndroidManifest.xml:29:9-35:19
MERGED from [com.google.firebase:firebase-datatransport:17.0.3] AndroidManifest.xml:25:9-31:19
MERGED from [com.google.firebase:firebase-datatransport:17.0.3] AndroidManifest.xml:25:9-31:19
MERGED from [com.google.firebase:firebase-installations:16.2.1] AndroidManifest.xml:14:9-20:19
MERGED from [com.google.firebase:firebase-installations:16.2.1] AndroidManifest.xml:14:9-20:19
MERGED from [com.google.firebase:firebase-common:19.3.0] AndroidManifest.xml:32:9-36:35
MERGED from [com.google.firebase:firebase-common:19.3.0] AndroidManifest.xml:32:9-36:35
	android:exported
		ADDED from [com.google.firebase:firebase-messaging:20.1.5] AndroidManifest.xml:37:13-37
	tools:targetApi
		ADDED from [com.google.firebase:firebase-common:19.3.0] AndroidManifest.xml:36:13-32
	android:directBootAware
		ADDED from [com.google.firebase:firebase-common:19.3.0] AndroidManifest.xml:34:13-43
	android:name
		ADDED from [com.google.firebase:firebase-messaging:20.1.5] AndroidManifest.xml:36:13-84
meta-data#com.google.firebase.components:com.google.firebase.messaging.FirebaseMessagingRegistrar
ADDED from [com.google.firebase:firebase-messaging:20.1.5] AndroidManifest.xml:38:13-40:85
	android:value
		ADDED from [com.google.firebase:firebase-messaging:20.1.5] AndroidManifest.xml:40:17-82
	android:name
		ADDED from [com.google.firebase:firebase-messaging:20.1.5] AndroidManifest.xml:39:17-119
uses-permission#android.permission.WAKE_LOCK
ADDED from [com.google.firebase:firebase-iid:20.1.5] AndroidManifest.xml:24:5-68
	android:name
		ADDED from [com.google.firebase:firebase-iid:20.1.5] AndroidManifest.xml:24:22-65
meta-data#com.google.firebase.components:com.google.firebase.iid.Registrar
ADDED from [com.google.firebase:firebase-iid:20.1.5] AndroidManifest.xml:32:13-34:85
	android:value
		ADDED from [com.google.firebase:firebase-iid:20.1.5] AndroidManifest.xml:34:17-82
	android:name
		ADDED from [com.google.firebase:firebase-iid:20.1.5] AndroidManifest.xml:33:17-96
receiver#com.google.firebase.iid.FirebaseInstanceIdReceiver
ADDED from [com.google.firebase:firebase-iid:20.1.5] AndroidManifest.xml:37:9-44:20
	android:exported
		ADDED from [com.google.firebase:firebase-iid:20.1.5] AndroidManifest.xml:39:13-36
	android:permission
		ADDED from [com.google.firebase:firebase-iid:20.1.5] AndroidManifest.xml:40:13-73
	android:name
		ADDED from [com.google.firebase:firebase-iid:20.1.5] AndroidManifest.xml:38:13-78
intent-filter#action:name:com.google.android.c2dm.intent.RECEIVE
ADDED from [com.google.firebase:firebase-iid:20.1.5] AndroidManifest.xml:41:13-43:29
action#com.google.android.c2dm.intent.RECEIVE
ADDED from [com.google.firebase:firebase-iid:20.1.5] AndroidManifest.xml:42:17-81
	android:name
		ADDED from [com.google.firebase:firebase-iid:20.1.5] AndroidManifest.xml:42:25-78
meta-data#com.google.firebase.components:com.google.firebase.datatransport.TransportRegistrar
ADDED from [com.google.firebase:firebase-datatransport:17.0.3] AndroidManifest.xml:28:13-30:85
	android:value
		ADDED from [com.google.firebase:firebase-datatransport:17.0.3] AndroidManifest.xml:30:17-82
	android:name
		ADDED from [com.google.firebase:firebase-datatransport:17.0.3] AndroidManifest.xml:29:17-115
meta-data#com.google.firebase.components:com.google.firebase.installations.FirebaseInstallationsRegistrar
ADDED from [com.google.firebase:firebase-installations:16.2.1] AndroidManifest.xml:17:13-19:85
	android:value
		ADDED from [com.google.firebase:firebase-installations:16.2.1] AndroidManifest.xml:19:17-82
	android:name
		ADDED from [com.google.firebase:firebase-installations:16.2.1] AndroidManifest.xml:18:17-127
provider#com.google.firebase.provider.FirebaseInitProvider
ADDED from [com.google.firebase:firebase-common:19.3.0] AndroidManifest.xml:26:9-30:39
	android:authorities
		ADDED from [com.google.firebase:firebase-common:19.3.0] AndroidManifest.xml:28:13-72
	android:exported
		ADDED from [com.google.firebase:firebase-common:19.3.0] AndroidManifest.xml:29:13-37
	android:initOrder
		ADDED from [com.google.firebase:firebase-common:19.3.0] AndroidManifest.xml:30:13-36
	android:name
		ADDED from [com.google.firebase:firebase-common:19.3.0] AndroidManifest.xml:27:13-77
activity#com.google.android.gms.common.api.GoogleApiActivity
ADDED from [com.google.android.gms:play-services-base:17.0.0] AndroidManifest.xml:23:9-26:75
	android:exported
		ADDED from [com.google.android.gms:play-services-base:17.0.0] AndroidManifest.xml:25:13-37
	android:theme
		ADDED from [com.google.android.gms:play-services-base:17.0.0] AndroidManifest.xml:26:13-72
	android:name
		ADDED from [com.google.android.gms:play-services-base:17.0.0] AndroidManifest.xml:24:13-79
meta-data#com.google.android.gms.version
ADDED from [com.google.android.gms:play-services-basement:17.0.0] AndroidManifest.xml:23:9-25:69
	android:value
		ADDED from [com.google.android.gms:play-services-basement:17.0.0] AndroidManifest.xml:25:13-66
	android:name
		ADDED from [com.google.android.gms:play-services-basement:17.0.0] AndroidManifest.xml:24:13-58
service#com.google.android.datatransport.runtime.backends.TransportBackendDiscovery
ADDED from [com.google.android.datatransport:transport-backend-cct:2.2.0] AndroidManifest.xml:29:9-35:19
MERGED from [com.google.android.datatransport:transport-runtime:2.2.0] AndroidManifest.xml:36:9-38:40
MERGED from [com.google.android.datatransport:transport-runtime:2.2.0] AndroidManifest.xml:36:9-38:40
	android:exported
		ADDED from [com.google.android.datatransport:transport-backend-cct:2.2.0] AndroidManifest.xml:31:13-37
	android:name
		ADDED from [com.google.android.datatransport:transport-backend-cct:2.2.0] AndroidManifest.xml:30:13-103
meta-data#backend:com.google.android.datatransport.cct.CctBackendFactory
ADDED from [com.google.android.datatransport:transport-backend-cct:2.2.0] AndroidManifest.xml:32:13-34:39
	android:value
		ADDED from [com.google.android.datatransport:transport-backend-cct:2.2.0] AndroidManifest.xml:34:17-36
	android:name
		ADDED from [com.google.android.datatransport:transport-backend-cct:2.2.0] AndroidManifest.xml:33:17-94
service#com.google.android.datatransport.runtime.scheduling.jobscheduling.JobInfoSchedulerService